#! /usr/local/iverilog/bin/vvp
:ivl_version "11.0 (devel)" "(s20150603-642-g3bdb50da)";
:ivl_delay_selection "TYPICAL";
:vpi_time_precision - 3;
:vpi_module "system";
:vpi_module "vhdl_sys";
:vpi_module "vhdl_textio";
:vpi_module "v2005_math";
:vpi_module "va_math";
S_000000000091c100 .scope module, "tb_dc" "tb_dc" 2 1;
 .timescale -3 -3;
v0000000001073e20_0 .var "clk", 0 0;
v0000000001073ec0_0 .net "hour", 7 0, v00000000010762c0_0;  1 drivers
v0000000001073f60_0 .net "min", 7 0, v0000000001076360_0;  1 drivers
v0000000001074000_0 .var "rstn", 0 0;
v00000000010740a0_0 .net "sec", 7 0, v0000000001073d80_0;  1 drivers
E_0000000001065030 .event posedge, v0000000001076220_0;
S_0000000001076090 .scope module, "u0" "digital_clock" 2 12, 3 3 0, S_000000000091c100;
 .timescale -3 -3;
    .port_info 0 /INPUT 1 "clk";
    .port_info 1 /INPUT 1 "resetn";
    .port_info 2 /OUTPUT 8 "sec";
    .port_info 3 /OUTPUT 8 "minute";
    .port_info 4 /OUTPUT 8 "hour";
v0000000001076220_0 .net "clk", 0 0, v0000000001073e20_0;  1 drivers
v00000000010762c0_0 .var "hour", 7 0;
v0000000001076360_0 .var "minute", 7 0;
v0000000001076400_0 .net "resetn", 0 0, v0000000001074000_0;  1 drivers
v0000000001073d80_0 .var "sec", 7 0;
E_0000000001065330/0 .event negedge, v0000000001076400_0;
E_0000000001065330/1 .event posedge, v0000000001076220_0;
E_0000000001065330 .event/or E_0000000001065330/0, E_0000000001065330/1;
    .scope S_0000000001076090;
T_0 ;
    %wait E_0000000001065330;
    %load/vec4 v0000000001076400_0;
    %nor/r;
    %flag_set/vec4 8;
    %jmp/0xz  T_0.0, 8;
    %pushi/vec4 0, 0, 8;
    %assign/vec4 v0000000001073d80_0, 0;
    %pushi/vec4 0, 0, 8;
    %assign/vec4 v0000000001076360_0, 0;
    %pushi/vec4 0, 0, 8;
    %assign/vec4 v00000000010762c0_0, 0;
    %jmp T_0.1;
T_0.0 ;
    %load/vec4 v0000000001073d80_0;
    %pad/u 32;
    %cmpi/e 60, 0, 32;
    %jmp/0xz  T_0.2, 4;
    %pushi/vec4 0, 0, 8;
    %assign/vec4 v0000000001073d80_0, 0;
    %load/vec4 v0000000001076360_0;
    %pad/u 32;
    %cmpi/e 60, 0, 32;
    %jmp/0xz  T_0.4, 4;
    %pushi/vec4 0, 0, 8;
    %assign/vec4 v0000000001076360_0, 0;
    %load/vec4 v00000000010762c0_0;
    %pad/u 32;
    %cmpi/e 24, 0, 32;
    %jmp/0xz  T_0.6, 4;
    %pushi/vec4 0, 0, 8;
    %assign/vec4 v00000000010762c0_0, 0;
    %jmp T_0.7;
T_0.6 ;
    %load/vec4 v00000000010762c0_0;
    %addi 1, 0, 8;
    %assign/vec4 v00000000010762c0_0, 0;
T_0.7 ;
    %jmp T_0.5;
T_0.4 ;
    %load/vec4 v0000000001076360_0;
    %addi 1, 0, 8;
    %assign/vec4 v0000000001076360_0, 0;
T_0.5 ;
    %jmp T_0.3;
T_0.2 ;
    %load/vec4 v0000000001073d80_0;
    %addi 1, 0, 8;
    %assign/vec4 v0000000001073d80_0, 0;
T_0.3 ;
T_0.1 ;
    %jmp T_0;
    .thread T_0;
    .scope S_000000000091c100;
T_1 ;
    %delay 1, 0;
    %load/vec4 v0000000001073e20_0;
    %inv;
    %store/vec4 v0000000001073e20_0, 0, 1;
    %jmp T_1;
    .thread T_1;
    .scope S_000000000091c100;
T_2 ;
    %pushi/vec4 0, 0, 1;
    %store/vec4 v0000000001073e20_0, 0, 1;
    %pushi/vec4 1, 0, 1;
    %store/vec4 v0000000001074000_0, 0, 1;
    %delay 1, 0;
    %pushi/vec4 0, 0, 1;
    %store/vec4 v0000000001074000_0, 0, 1;
    %delay 1, 0;
    %pushi/vec4 1, 0, 1;
    %store/vec4 v0000000001074000_0, 0, 1;
    %pushi/vec4 172800, 0, 32;
T_2.0 %dup/vec4;
    %pushi/vec4 0, 0, 32;
    %cmp/s;
    %jmp/1xz T_2.1, 5;
    %jmp/1 T_2.1, 4;
    %pushi/vec4 1, 0, 32;
    %sub;
    %wait E_0000000001065030;
    %jmp T_2.0;
T_2.1 ;
    %pop/vec4 1;
    %vpi_call 2 33 "$finish" {0 0 0};
    %end;
    .thread T_2;
    .scope S_000000000091c100;
T_3 ;
    %vpi_call 2 38 "$dumpfile", "test_out.vcd" {0 0 0};
    %vpi_call 2 39 "$dumpvars", 32'sb11111111111111111111111111111111, S_0000000001076090 {0 0 0};
    %end;
    .thread T_3;
# The file index is used to find the file name in the following table.
:file_names 4;
    "N/A";
    "<interactive>";
    "tb_dc.v";
    "digital_clock.v";
